-------------------------------------------------------------------------------
Test set: edu.brown.cs.student.StaticTableUITest
-------------------------------------------------------------------------------
Tests run: 1, Failures: 0, Errors: 1, Skipped: 0, Time elapsed: 0.108 s <<< FAILURE! - in edu.brown.cs.student.StaticTableUITest
edu.brown.cs.student.StaticTableUITest.initializationError  Time elapsed: 0.069 s  <<< ERROR!
java.lang.NoClassDefFoundError: org/openqa/selenium/chrome/ChromeDriver
Caused by: java.lang.ClassNotFoundException: org.openqa.selenium.chrome.ChromeDriver

